<?xml version="1.0" encoding="UTF-8"?>
<testsuite name="CinemaTests" tests="1" skipped="0" failures="0" errors="0" timestamp="2024-02-13T04:50:05" hostname="Ahmads-MacBook-Air.local" time="1.107">
  <properties/>
  <testcase name="start" classname="CinemaTests" time="1.107"/>
  <system-out><![CDATA[?[1;31m
Start test 1?[0m
?[0;34m
?[0m?[0;34m  .   ____          _            __ _ _
?[0m?[0;34m /\\ / ___'_ __ _ _(_)_ __  __ _ \ \ \ \
?[0m?[0;34m( ( )\___ | '_ | '_| | '_ \/ _` | \ \ \ \
?[0m?[0;34m \\/  ___)| |_)| | | | | || (_| |  ) ) ) )
?[0m?[0;34m  '  |____| .__|_| |_|_| |_\__, | / / / /
?[0m?[0;34m =========|_|==============|___/=/_/_/_/
?[0m?[0;34m :: Spring Boot ::                (v3.0.2)
?[0m?[0;34m
?[0m?[0;34m2024-02-13T11:50:05.912+07:00  INFO 7494 --- [    Test worker] cinema.Main                              : Starting Main using Java 17.0.9 with PID 7494 (started by afp in /Users/afp/IdeaProjects/Cinema Room REST Service with Java/Cinema Room REST Service with Java/task)
?[0m?[0;34m2024-02-13T11:50:05.914+07:00  INFO 7494 --- [    Test worker] cinema.Main                              : No active profile set, falling back to 1 default profile: "default"
?[0m?[0;34m2024-02-13T11:50:06.321+07:00  INFO 7494 --- [    Test worker] o.s.b.w.embedded.tomcat.TomcatWebServer  : Tomcat initialized with port(s): 28852 (http)
?[0m?[0;34m2024-02-13T11:50:06.325+07:00  INFO 7494 --- [    Test worker] o.apache.catalina.core.StandardService   : Starting service [Tomcat]
?[0m?[0;34m2024-02-13T11:50:06.325+07:00  INFO 7494 --- [    Test worker] o.apache.catalina.core.StandardEngine    : Starting Servlet engine: [Apache Tomcat/10.1.5]
?[0m?[0;34m2024-02-13T11:50:06.365+07:00  INFO 7494 --- [    Test worker] o.a.c.c.C.[Tomcat].[localhost].[/]       : Initializing Spring embedded WebApplicationContext
?[0m?[0;34m2024-02-13T11:50:06.366+07:00  INFO 7494 --- [    Test worker] w.s.c.ServletWebServerApplicationContext : Root WebApplicationContext: initialization completed in 427 ms
?[0m?[0;34m2024-02-13T11:50:06.557+07:00  INFO 7494 --- [    Test worker] o.s.b.a.e.web.EndpointLinksResolver      : Exposing 14 endpoint(s) beneath base path '/actuator'
?[0m?[0;34m2024-02-13T11:50:06.577+07:00  INFO 7494 --- [    Test worker] o.s.b.w.embedded.tomcat.TomcatWebServer  : Tomcat started on port(s): 28852 (http) with context path ''
?[0m?[0;34m2024-02-13T11:50:06.584+07:00  INFO 7494 --- [    Test worker] cinema.Main                              : Started Main in 0.807 seconds (process running for 1.23)
?[0;34m2024-02-13T11:50:06.717+07:00  INFO 7494 --- [io-28852-exec-1] o.a.c.c.C.[Tomcat].[localhost].[/]       : Initializing Spring DispatcherServlet 'dispatcherServlet'
?[0m?[0;34m2024-02-13T11:50:06.717+07:00  INFO 7494 --- [io-28852-exec-1] o.s.web.servlet.DispatcherServlet        : Initializing Servlet 'dispatcherServlet'
?[0m?[0;34m2024-02-13T11:50:06.718+07:00  INFO 7494 --- [io-28852-exec-1] o.s.web.servlet.DispatcherServlet        : Completed initialization in 1 ms
?[0m?[1;31m
Start test 2?[0m
]]></system-out>
  <system-err><![CDATA[]]></system-err>
</testsuite>
